2018-03-18 17:53:30.411  INFO 6744 --- [main] .c.m.s.SpringbootDemoOneApplicationTests : Starting SpringbootDemoOneApplicationTests on lenovo-PC with PID 6744 (started by lenovo in C:\Users\lenovo\eclipse-workspace\springboot-demo-one)
2018-03-18 17:53:30.413 DEBUG 6744 --- [main] .c.m.s.SpringbootDemoOneApplicationTests : Running with Spring Boot v1.5.10.RELEASE, Spring v4.3.14.RELEASE
2018-03-18 17:53:30.414  INFO 6744 --- [main] .c.m.s.SpringbootDemoOneApplicationTests : No active profile set, falling back to default profiles: default
2018-03-18 17:53:30.456  INFO 6744 --- [main] o.s.w.c.s.GenericWebApplicationContext   : Refreshing org.springframework.web.context.support.GenericWebApplicationContext@52af26ee: startup date [Sun Mar 18 17:53:30 ICT 2018]; root of context hierarchy
2018-03-18 17:53:30.458 DEBUG 6744 --- [main] o.s.w.c.s.GenericWebApplicationContext   : Bean factory for org.springframework.web.context.support.GenericWebApplicationContext@52af26ee: org.springframework.beans.factory.support.DefaultListableBeanFactory@70cf32e3: defining beans [org.springframework.boot.test.mock.mockito.MockitoPostProcessor$SpyPostProcessor,org.springframework.boot.test.mock.mockito.MockitoPostProcessor,org.springframework.context.annotation.internalConfigurationAnnotationProcessor,org.springframework.context.annotation.internalAutowiredAnnotationProcessor,org.springframework.context.annotation.internalRequiredAnnotationProcessor,org.springframework.context.annotation.internalCommonAnnotationProcessor,org.springframework.context.annotation.internalPersistenceAnnotationProcessor,org.springframework.context.event.internalEventListenerProcessor,org.springframework.context.event.internalEventListenerFactory,springbootDemoOneApplication]; root of factory hierarchy
2018-03-18 17:53:31.634  INFO 6744 --- [main] trationDelegate$BeanPostProcessorChecker : Bean 'org.springframework.transaction.annotation.ProxyTransactionManagementConfiguration' of type [org.springframework.transaction.annotation.ProxyTransactionManagementConfiguration$$EnhancerBySpringCGLIB$$da6189f9] is not eligible for getting processed by all BeanPostProcessors (for example: not eligible for auto-proxying)
2018-03-18 17:53:31.679 DEBUG 6744 --- [main] o.s.w.c.s.GenericWebApplicationContext   : Unable to locate MessageSource with name 'messageSource': using default [org.springframework.context.support.DelegatingMessageSource@2a415aa9]
2018-03-18 17:53:31.680 DEBUG 6744 --- [main] o.s.w.c.s.GenericWebApplicationContext   : Unable to locate ApplicationEventMulticaster with name 'applicationEventMulticaster': using default [org.springframework.context.event.SimpleApplicationEventMulticaster@53cdecf6]
2018-03-18 17:53:32.415  INFO 6744 --- [main] j.LocalContainerEntityManagerFactoryBean : Building JPA container EntityManagerFactory for persistence unit 'default'
2018-03-18 17:53:32.432  INFO 6744 --- [main] o.hibernate.jpa.internal.util.LogHelper  : HHH000204: Processing PersistenceUnitInfo [
	name: default
	...]
2018-03-18 17:53:32.502  INFO 6744 --- [main] org.hibernate.Version                    : HHH000412: Hibernate Core {5.0.12.Final}
2018-03-18 17:53:32.503  INFO 6744 --- [main] org.hibernate.cfg.Environment            : HHH000206: hibernate.properties not found
2018-03-18 17:53:32.505  INFO 6744 --- [main] org.hibernate.cfg.Environment            : HHH000021: Bytecode provider name : javassist
2018-03-18 17:53:32.545  INFO 6744 --- [main] o.hibernate.annotations.common.Version   : HCANN000001: Hibernate Commons Annotations {5.0.1.Final}
2018-03-18 17:53:32.652  INFO 6744 --- [main] org.hibernate.dialect.Dialect            : HHH000400: Using dialect: org.hibernate.dialect.MySQLDialect
2018-03-18 17:53:33.290  INFO 6744 --- [main] j.LocalContainerEntityManagerFactoryBean : Initialized JPA EntityManagerFactory for persistence unit 'default'
2018-03-18 17:53:33.902  INFO 6744 --- [main] s.w.s.m.m.a.RequestMappingHandlerAdapter : Looking for @ControllerAdvice: org.springframework.web.context.support.GenericWebApplicationContext@52af26ee: startup date [Sun Mar 18 17:53:30 ICT 2018]; root of context hierarchy
2018-03-18 17:53:33.992 DEBUG 6744 --- [main] s.w.s.m.m.a.RequestMappingHandlerMapping : Looking for request mappings in application context: org.springframework.web.context.support.GenericWebApplicationContext@52af26ee: startup date [Sun Mar 18 17:53:30 ICT 2018]; root of context hierarchy
2018-03-18 17:53:34.011 DEBUG 6744 --- [main] s.w.s.m.m.a.RequestMappingHandlerMapping : 5 request handler methods found on class com.cdc.mitrais.springbootdemoone.controller.ArticleController: {public org.springframework.http.ResponseEntity com.cdc.mitrais.springbootdemoone.controller.ArticleController.updateArticle(com.cdc.mitrais.springbootdemoone.model.Article)={[/user/article],methods=[PUT]}, public org.springframework.http.ResponseEntity com.cdc.mitrais.springbootdemoone.controller.ArticleController.addArticle(com.cdc.mitrais.springbootdemoone.model.Article,org.springframework.web.util.UriComponentsBuilder)={[/user/article],methods=[POST]}, public org.springframework.http.ResponseEntity com.cdc.mitrais.springbootdemoone.controller.ArticleController.getAllArticles()={[/user/articles],methods=[GET]}, public org.springframework.http.ResponseEntity com.cdc.mitrais.springbootdemoone.controller.ArticleController.getArticleById(java.lang.Integer)={[/user/article/{id}],methods=[GET]}, public org.springframework.http.ResponseEntity com.cdc.mitrais.springbootdemoone.controller.ArticleController.deleteArticle(java.lang.Integer)={[/user/article/{id}],methods=[DELETE]}}
2018-03-18 17:53:34.012  INFO 6744 --- [main] s.w.s.m.m.a.RequestMappingHandlerMapping : Mapped "{[/user/article],methods=[PUT]}" onto public org.springframework.http.ResponseEntity<com.cdc.mitrais.springbootdemoone.model.Article> com.cdc.mitrais.springbootdemoone.controller.ArticleController.updateArticle(com.cdc.mitrais.springbootdemoone.model.Article)
2018-03-18 17:53:34.013  INFO 6744 --- [main] s.w.s.m.m.a.RequestMappingHandlerMapping : Mapped "{[/user/article],methods=[POST]}" onto public org.springframework.http.ResponseEntity<java.lang.Void> com.cdc.mitrais.springbootdemoone.controller.ArticleController.addArticle(com.cdc.mitrais.springbootdemoone.model.Article,org.springframework.web.util.UriComponentsBuilder)
2018-03-18 17:53:34.014  INFO 6744 --- [main] s.w.s.m.m.a.RequestMappingHandlerMapping : Mapped "{[/user/articles],methods=[GET]}" onto public org.springframework.http.ResponseEntity<java.util.List<com.cdc.mitrais.springbootdemoone.model.Article>> com.cdc.mitrais.springbootdemoone.controller.ArticleController.getAllArticles()
2018-03-18 17:53:34.014  INFO 6744 --- [main] s.w.s.m.m.a.RequestMappingHandlerMapping : Mapped "{[/user/article/{id}],methods=[GET]}" onto public org.springframework.http.ResponseEntity<com.cdc.mitrais.springbootdemoone.model.Article> com.cdc.mitrais.springbootdemoone.controller.ArticleController.getArticleById(java.lang.Integer)
2018-03-18 17:53:34.014  INFO 6744 --- [main] s.w.s.m.m.a.RequestMappingHandlerMapping : Mapped "{[/user/article/{id}],methods=[DELETE]}" onto public org.springframework.http.ResponseEntity<java.lang.Void> com.cdc.mitrais.springbootdemoone.controller.ArticleController.deleteArticle(java.lang.Integer)
2018-03-18 17:53:34.015 DEBUG 6744 --- [main] s.w.s.m.m.a.RequestMappingHandlerMapping : 2 request handler methods found on class com.cdc.mitrais.springbootdemoone.controller.HelloController: {public java.lang.String com.cdc.mitrais.springbootdemoone.controller.HelloController.index()={[/]}, public java.lang.String com.cdc.mitrais.springbootdemoone.controller.HelloController.sayHello(java.lang.String,org.springframework.ui.Model)={[/hello],methods=[POST]}}
2018-03-18 17:53:34.015  INFO 6744 --- [main] s.w.s.m.m.a.RequestMappingHandlerMapping : Mapped "{[/]}" onto public java.lang.String com.cdc.mitrais.springbootdemoone.controller.HelloController.index()
2018-03-18 17:53:34.015  INFO 6744 --- [main] s.w.s.m.m.a.RequestMappingHandlerMapping : Mapped "{[/hello],methods=[POST]}" onto public java.lang.String com.cdc.mitrais.springbootdemoone.controller.HelloController.sayHello(java.lang.String,org.springframework.ui.Model)
2018-03-18 17:53:34.016 DEBUG 6744 --- [main] s.w.s.m.m.a.RequestMappingHandlerMapping : 1 request handler methods found on class com.cdc.mitrais.springbootdemoone.controller.PersonController: {public org.springframework.http.ResponseEntity com.cdc.mitrais.springbootdemoone.controller.PersonController.getAllPersons()={[/user/persons],methods=[GET]}}
2018-03-18 17:53:34.017  INFO 6744 --- [main] s.w.s.m.m.a.RequestMappingHandlerMapping : Mapped "{[/user/persons],methods=[GET]}" onto public org.springframework.http.ResponseEntity<java.util.List<com.cdc.mitrais.springbootdemoone.model.Person>> com.cdc.mitrais.springbootdemoone.controller.PersonController.getAllPersons()
2018-03-18 17:53:34.018 DEBUG 6744 --- [main] s.w.s.m.m.a.RequestMappingHandlerMapping : 2 request handler methods found on class org.springframework.boot.autoconfigure.web.BasicErrorController: {public org.springframework.http.ResponseEntity org.springframework.boot.autoconfigure.web.BasicErrorController.error(javax.servlet.http.HttpServletRequest)={[/error]}, public org.springframework.web.servlet.ModelAndView org.springframework.boot.autoconfigure.web.BasicErrorController.errorHtml(javax.servlet.http.HttpServletRequest,javax.servlet.http.HttpServletResponse)={[/error],produces=[text/html]}}
2018-03-18 17:53:34.019  INFO 6744 --- [main] s.w.s.m.m.a.RequestMappingHandlerMapping : Mapped "{[/error]}" onto public org.springframework.http.ResponseEntity<java.util.Map<java.lang.String, java.lang.Object>> org.springframework.boot.autoconfigure.web.BasicErrorController.error(javax.servlet.http.HttpServletRequest)
2018-03-18 17:53:34.019  INFO 6744 --- [main] s.w.s.m.m.a.RequestMappingHandlerMapping : Mapped "{[/error],produces=[text/html]}" onto public org.springframework.web.servlet.ModelAndView org.springframework.boot.autoconfigure.web.BasicErrorController.errorHtml(javax.servlet.http.HttpServletRequest,javax.servlet.http.HttpServletResponse)
2018-03-18 17:53:34.040 DEBUG 6744 --- [main] o.s.w.s.h.BeanNameUrlHandlerMapping      : Looking for URL mappings in application context: org.springframework.web.context.support.GenericWebApplicationContext@52af26ee: startup date [Sun Mar 18 17:53:30 ICT 2018]; root of context hierarchy
2018-03-18 17:53:34.040 DEBUG 6744 --- [main] o.s.w.s.h.BeanNameUrlHandlerMapping      : Rejected bean name 'org.springframework.boot.test.mock.mockito.MockitoPostProcessor$SpyPostProcessor': no URL paths identified
2018-03-18 17:53:34.040 DEBUG 6744 --- [main] o.s.w.s.h.BeanNameUrlHandlerMapping      : Rejected bean name 'org.springframework.boot.test.mock.mockito.MockitoPostProcessor': no URL paths identified
2018-03-18 17:53:34.040 DEBUG 6744 --- [main] o.s.w.s.h.BeanNameUrlHandlerMapping      : Rejected bean name 'org.springframework.context.annotation.internalConfigurationAnnotationProcessor': no URL paths identified
2018-03-18 17:53:34.040 DEBUG 6744 --- [main] o.s.w.s.h.BeanNameUrlHandlerMapping      : Rejected bean name 'org.springframework.context.annotation.internalAutowiredAnnotationProcessor': no URL paths identified
2018-03-18 17:53:34.041 DEBUG 6744 --- [main] o.s.w.s.h.BeanNameUrlHandlerMapping      : Rejected bean name 'org.springframework.context.annotation.internalRequiredAnnotationProcessor': no URL paths identified
2018-03-18 17:53:34.041 DEBUG 6744 --- [main] o.s.w.s.h.BeanNameUrlHandlerMapping      : Rejected bean name 'org.springframework.context.annotation.internalCommonAnnotationProcessor': no URL paths identified
2018-03-18 17:53:34.041 DEBUG 6744 --- [main] o.s.w.s.h.BeanNameUrlHandlerMapping      : Rejected bean name 'org.springframework.context.annotation.internalPersistenceAnnotationProcessor': no URL paths identified
2018-03-18 17:53:34.041 DEBUG 6744 --- [main] o.s.w.s.h.BeanNameUrlHandlerMapping      : Rejected bean name 'org.springframework.context.event.internalEventListenerProcessor': no URL paths identified
2018-03-18 17:53:34.041 DEBUG 6744 --- [main] o.s.w.s.h.BeanNameUrlHandlerMapping      : Rejected bean name 'org.springframework.context.event.internalEventListenerFactory': no URL paths identified
2018-03-18 17:53:34.041 DEBUG 6744 --- [main] o.s.w.s.h.BeanNameUrlHandlerMapping      : Rejected bean name 'springbootDemoOneApplication': no URL paths identified
2018-03-18 17:53:34.041 DEBUG 6744 --- [main] o.s.w.s.h.BeanNameUrlHandlerMapping      : Rejected bean name 'org.springframework.boot.autoconfigure.internalCachingMetadataReaderFactory': no URL paths identified
2018-03-18 17:53:34.041 DEBUG 6744 --- [main] o.s.w.s.h.BeanNameUrlHandlerMapping      : Rejected bean name 'articleController': no URL paths identified
2018-03-18 17:53:34.042 DEBUG 6744 --- [main] o.s.w.s.h.BeanNameUrlHandlerMapping      : Rejected bean name 'helloController': no URL paths identified
2018-03-18 17:53:34.042 DEBUG 6744 --- [main] o.s.w.s.h.BeanNameUrlHandlerMapping      : Rejected bean name 'personController': no URL paths identified
2018-03-18 17:53:34.042 DEBUG 6744 --- [main] o.s.w.s.h.BeanNameUrlHandlerMapping      : Rejected bean name 'articleDAO': no URL paths identified
2018-03-18 17:53:34.042 DEBUG 6744 --- [main] o.s.w.s.h.BeanNameUrlHandlerMapping      : Rejected bean name 'personDAO': no URL paths identified
2018-03-18 17:53:34.042 DEBUG 6744 --- [main] o.s.w.s.h.BeanNameUrlHandlerMapping      : Rejected bean name 'articleService': no URL paths identified
2018-03-18 17:53:34.042 DEBUG 6744 --- [main] o.s.w.s.h.BeanNameUrlHandlerMapping      : Rejected bean name 'personServices': no URL paths identified
2018-03-18 17:53:34.042 DEBUG 6744 --- [main] o.s.w.s.h.BeanNameUrlHandlerMapping      : Rejected bean name 'org.springframework.boot.autoconfigure.AutoConfigurationPackages': no URL paths identified
2018-03-18 17:53:34.042 DEBUG 6744 --- [main] o.s.w.s.h.BeanNameUrlHandlerMapping      : Rejected bean name 'org.springframework.boot.autoconfigure.context.PropertyPlaceholderAutoConfiguration': no URL paths identified
2018-03-18 17:53:34.042 DEBUG 6744 --- [main] o.s.w.s.h.BeanNameUrlHandlerMapping      : Rejected bean name 'org.springframework.boot.autoconfigure.condition.BeanTypeRegistry': no URL paths identified
2018-03-18 17:53:34.043 DEBUG 6744 --- [main] o.s.w.s.h.BeanNameUrlHandlerMapping      : Rejected bean name 'propertySourcesPlaceholderConfigurer': no URL paths identified
2018-03-18 17:53:34.043 DEBUG 6744 --- [main] o.s.w.s.h.BeanNameUrlHandlerMapping      : Rejected bean name 'org.springframework.boot.autoconfigure.jackson.JacksonAutoConfiguration$Jackson2ObjectMapperBuilderCustomizerConfiguration': no URL paths identified
2018-03-18 17:53:34.043 DEBUG 6744 --- [main] o.s.w.s.h.BeanNameUrlHandlerMapping      : Rejected bean name 'standardJacksonObjectMapperBuilderCustomizer': no URL paths identified
2018-03-18 17:53:34.043 DEBUG 6744 --- [main] o.s.w.s.h.BeanNameUrlHandlerMapping      : Rejected bean name 'spring.jackson-org.springframework.boot.autoconfigure.jackson.JacksonProperties': no URL paths identified
2018-03-18 17:53:34.043 DEBUG 6744 --- [main] o.s.w.s.h.BeanNameUrlHandlerMapping      : Rejected bean name 'org.springframework.boot.context.properties.ConfigurationPropertiesBindingPostProcessor': no URL paths identified
2018-03-18 17:53:34.043 DEBUG 6744 --- [main] o.s.w.s.h.BeanNameUrlHandlerMapping      : Rejected bean name 'org.springframework.boot.context.properties.ConfigurationPropertiesBindingPostProcessor.store': no URL paths identified
2018-03-18 17:53:34.043 DEBUG 6744 --- [main] o.s.w.s.h.BeanNameUrlHandlerMapping      : Rejected bean name 'org.springframework.boot.autoconfigure.jackson.JacksonAutoConfiguration$JacksonObjectMapperBuilderConfiguration': no URL paths identified
2018-03-18 17:53:34.043 DEBUG 6744 --- [main] o.s.w.s.h.BeanNameUrlHandlerMapping      : Rejected bean name 'jacksonObjectMapperBuilder': no URL paths identified
2018-03-18 17:53:34.043 DEBUG 6744 --- [main] o.s.w.s.h.BeanNameUrlHandlerMapping      : Rejected bean name 'org.springframework.boot.autoconfigure.jackson.JacksonAutoConfiguration$JacksonObjectMapperConfiguration': no URL paths identified
2018-03-18 17:53:34.043 DEBUG 6744 --- [main] o.s.w.s.h.BeanNameUrlHandlerMapping      : Rejected bean name 'jacksonObjectMapper': no URL paths identified
2018-03-18 17:53:34.044 DEBUG 6744 --- [main] o.s.w.s.h.BeanNameUrlHandlerMapping      : Rejected bean name 'org.springframework.boot.autoconfigure.jackson.JacksonAutoConfiguration': no URL paths identified
2018-03-18 17:53:34.044 DEBUG 6744 --- [main] o.s.w.s.h.BeanNameUrlHandlerMapping      : Rejected bean name 'jsonComponentModule': no URL paths identified
2018-03-18 17:53:34.044 DEBUG 6744 --- [main] o.s.w.s.h.BeanNameUrlHandlerMapping      : Rejected bean name 'org.springframework.boot.autoconfigure.websocket.WebSocketAutoConfiguration$TomcatWebSocketConfiguration': no URL paths identified
2018-03-18 17:53:34.044 DEBUG 6744 --- [main] o.s.w.s.h.BeanNameUrlHandlerMapping      : Rejected bean name 'websocketContainerCustomizer': no URL paths identified
2018-03-18 17:53:34.044 DEBUG 6744 --- [main] o.s.w.s.h.BeanNameUrlHandlerMapping      : Rejected bean name 'org.springframework.boot.autoconfigure.websocket.WebSocketAutoConfiguration': no URL paths identified
2018-03-18 17:53:34.044 DEBUG 6744 --- [main] o.s.w.s.h.BeanNameUrlHandlerMapping      : Rejected bean name 'org.springframework.boot.autoconfigure.web.EmbeddedServletContainerAutoConfiguration$EmbeddedTomcat': no URL paths identified
2018-03-18 17:53:34.044 DEBUG 6744 --- [main] o.s.w.s.h.BeanNameUrlHandlerMapping      : Rejected bean name 'tomcatEmbeddedServletContainerFactory': no URL paths identified
2018-03-18 17:53:34.044 DEBUG 6744 --- [main] o.s.w.s.h.BeanNameUrlHandlerMapping      : Rejected bean name 'org.springframework.boot.autoconfigure.web.EmbeddedServletContainerAutoConfiguration': no URL paths identified
2018-03-18 17:53:34.044 DEBUG 6744 --- [main] o.s.w.s.h.BeanNameUrlHandlerMapping      : Rejected bean name 'embeddedServletContainerCustomizerBeanPostProcessor': no URL paths identified
2018-03-18 17:53:34.045 DEBUG 6744 --- [main] o.s.w.s.h.BeanNameUrlHandlerMapping      : Rejected bean name 'errorPageRegistrarBeanPostProcessor': no URL paths identified
2018-03-18 17:53:34.045 DEBUG 6744 --- [main] o.s.w.s.h.BeanNameUrlHandlerMapping      : Rejected bean name 'org.springframework.boot.autoconfigure.web.DispatcherServletAutoConfiguration$DispatcherServletConfiguration': no URL paths identified
2018-03-18 17:53:34.045 DEBUG 6744 --- [main] o.s.w.s.h.BeanNameUrlHandlerMapping      : Rejected bean name 'dispatcherServlet': no URL paths identified
2018-03-18 17:53:34.045 DEBUG 6744 --- [main] o.s.w.s.h.BeanNameUrlHandlerMapping      : Rejected bean name 'spring.mvc-org.springframework.boot.autoconfigure.web.WebMvcProperties': no URL paths identified
2018-03-18 17:53:34.045 DEBUG 6744 --- [main] o.s.w.s.h.BeanNameUrlHandlerMapping      : Rejected bean name 'org.springframework.boot.autoconfigure.web.DispatcherServletAutoConfiguration$DispatcherServletRegistrationConfiguration': no URL paths identified
2018-03-18 17:53:34.045 DEBUG 6744 --- [main] o.s.w.s.h.BeanNameUrlHandlerMapping      : Rejected bean name 'dispatcherServletRegistration': no URL paths identified
2018-03-18 17:53:34.045 DEBUG 6744 --- [main] o.s.w.s.h.BeanNameUrlHandlerMapping      : Rejected bean name 'org.springframework.boot.autoconfigure.web.DispatcherServletAutoConfiguration': no URL paths identified
2018-03-18 17:53:34.045 DEBUG 6744 --- [main] o.s.w.s.h.BeanNameUrlHandlerMapping      : Rejected bean name 'org.springframework.boot.autoconfigure.validation.ValidationAutoConfiguration': no URL paths identified
2018-03-18 17:53:34.045 DEBUG 6744 --- [main] o.s.w.s.h.BeanNameUrlHandlerMapping      : Rejected bean name 'defaultValidator': no URL paths identified
2018-03-18 17:53:34.045 DEBUG 6744 --- [main] o.s.w.s.h.BeanNameUrlHandlerMapping      : Rejected bean name 'methodValidationPostProcessor': no URL paths identified
2018-03-18 17:53:34.045 DEBUG 6744 --- [main] o.s.w.s.h.BeanNameUrlHandlerMapping      : Rejected bean name 'org.springframework.boot.autoconfigure.web.ErrorMvcAutoConfiguration$WhitelabelErrorViewConfiguration': no URL paths identified
2018-03-18 17:53:34.046 DEBUG 6744 --- [main] o.s.w.s.h.BeanNameUrlHandlerMapping      : Rejected bean name 'error': no URL paths identified
2018-03-18 17:53:34.046 DEBUG 6744 --- [main] o.s.w.s.h.BeanNameUrlHandlerMapping      : Rejected bean name 'beanNameViewResolver': no URL paths identified
2018-03-18 17:53:34.046 DEBUG 6744 --- [main] o.s.w.s.h.BeanNameUrlHandlerMapping      : Rejected bean name 'org.springframework.boot.autoconfigure.web.ErrorMvcAutoConfiguration$DefaultErrorViewResolverConfiguration': no URL paths identified
2018-03-18 17:53:34.046 DEBUG 6744 --- [main] o.s.w.s.h.BeanNameUrlHandlerMapping      : Rejected bean name 'conventionErrorViewResolver': no URL paths identified
2018-03-18 17:53:34.046 DEBUG 6744 --- [main] o.s.w.s.h.BeanNameUrlHandlerMapping      : Rejected bean name 'org.springframework.boot.autoconfigure.web.ErrorMvcAutoConfiguration': no URL paths identified
2018-03-18 17:53:34.046 DEBUG 6744 --- [main] o.s.w.s.h.BeanNameUrlHandlerMapping      : Rejected bean name 'errorAttributes': no URL paths identified
2018-03-18 17:53:34.046 DEBUG 6744 --- [main] o.s.w.s.h.BeanNameUrlHandlerMapping      : Rejected bean name 'basicErrorController': no URL paths identified
2018-03-18 17:53:34.046 DEBUG 6744 --- [main] o.s.w.s.h.BeanNameUrlHandlerMapping      : Rejected bean name 'errorPageCustomizer': no URL paths identified
2018-03-18 17:53:34.046 DEBUG 6744 --- [main] o.s.w.s.h.BeanNameUrlHandlerMapping      : Rejected bean name 'preserveErrorControllerTargetClassPostProcessor': no URL paths identified
2018-03-18 17:53:34.047 DEBUG 6744 --- [main] o.s.w.s.h.BeanNameUrlHandlerMapping      : Rejected bean name 'spring.resources-org.springframework.boot.autoconfigure.web.ResourceProperties': no URL paths identified
2018-03-18 17:53:34.047 DEBUG 6744 --- [main] o.s.w.s.h.BeanNameUrlHandlerMapping      : Rejected bean name 'org.springframework.boot.autoconfigure.web.WebMvcAutoConfiguration$EnableWebMvcConfiguration': no URL paths identified
2018-03-18 17:53:34.047 DEBUG 6744 --- [main] o.s.w.s.h.BeanNameUrlHandlerMapping      : Rejected bean name 'requestMappingHandlerAdapter': no URL paths identified
2018-03-18 17:53:34.047 DEBUG 6744 --- [main] o.s.w.s.h.BeanNameUrlHandlerMapping      : Rejected bean name 'requestMappingHandlerMapping': no URL paths identified
2018-03-18 17:53:34.047 DEBUG 6744 --- [main] o.s.w.s.h.BeanNameUrlHandlerMapping      : Rejected bean name 'mvcValidator': no URL paths identified
2018-03-18 17:53:34.047 DEBUG 6744 --- [main] o.s.w.s.h.BeanNameUrlHandlerMapping      : Rejected bean name 'mvcContentNegotiationManager': no URL paths identified
2018-03-18 17:53:34.047 DEBUG 6744 --- [main] o.s.w.s.h.BeanNameUrlHandlerMapping      : Rejected bean name 'mvcPathMatcher': no URL paths identified
2018-03-18 17:53:34.047 DEBUG 6744 --- [main] o.s.w.s.h.BeanNameUrlHandlerMapping      : Rejected bean name 'mvcUrlPathHelper': no URL paths identified
2018-03-18 17:53:34.047 DEBUG 6744 --- [main] o.s.w.s.h.BeanNameUrlHandlerMapping      : Rejected bean name 'viewControllerHandlerMapping': no URL paths identified
2018-03-18 17:53:34.047 DEBUG 6744 --- [main] o.s.w.s.h.BeanNameUrlHandlerMapping      : Rejected bean name 'beanNameHandlerMapping': no URL paths identified
2018-03-18 17:53:34.047 DEBUG 6744 --- [main] o.s.w.s.h.BeanNameUrlHandlerMapping      : Rejected bean name 'resourceHandlerMapping': no URL paths identified
2018-03-18 17:53:34.047 DEBUG 6744 --- [main] o.s.w.s.h.BeanNameUrlHandlerMapping      : Rejected bean name 'mvcResourceUrlProvider': no URL paths identified
2018-03-18 17:53:34.048 DEBUG 6744 --- [main] o.s.w.s.h.BeanNameUrlHandlerMapping      : Rejected bean name 'defaultServletHandlerMapping': no URL paths identified
2018-03-18 17:53:34.050 DEBUG 6744 --- [main] o.s.w.s.h.BeanNameUrlHandlerMapping      : Rejected bean name 'mvcConversionService': no URL paths identified
2018-03-18 17:53:34.050 DEBUG 6744 --- [main] o.s.w.s.h.BeanNameUrlHandlerMapping      : Rejected bean name 'mvcUriComponentsContributor': no URL paths identified
2018-03-18 17:53:34.050 DEBUG 6744 --- [main] o.s.w.s.h.BeanNameUrlHandlerMapping      : Rejected bean name 'httpRequestHandlerAdapter': no URL paths identified
2018-03-18 17:53:34.050 DEBUG 6744 --- [main] o.s.w.s.h.BeanNameUrlHandlerMapping      : Rejected bean name 'simpleControllerHandlerAdapter': no URL paths identified
2018-03-18 17:53:34.050 DEBUG 6744 --- [main] o.s.w.s.h.BeanNameUrlHandlerMapping      : Rejected bean name 'handlerExceptionResolver': no URL paths identified
2018-03-18 17:53:34.050 DEBUG 6744 --- [main] o.s.w.s.h.BeanNameUrlHandlerMapping      : Rejected bean name 'mvcViewResolver': no URL paths identified
2018-03-18 17:53:34.050 DEBUG 6744 --- [main] o.s.w.s.h.BeanNameUrlHandlerMapping      : Rejected bean name 'mvcHandlerMappingIntrospector': no URL paths identified
2018-03-18 17:53:34.050 DEBUG 6744 --- [main] o.s.w.s.h.BeanNameUrlHandlerMapping      : Rejected bean name 'org.springframework.boot.autoconfigure.web.WebMvcAutoConfiguration$WebMvcAutoConfigurationAdapter$FaviconConfiguration': no URL paths identified
2018-03-18 17:53:34.050 DEBUG 6744 --- [main] o.s.w.s.h.BeanNameUrlHandlerMapping      : Rejected bean name 'faviconHandlerMapping': no URL paths identified
2018-03-18 17:53:34.050 DEBUG 6744 --- [main] o.s.w.s.h.BeanNameUrlHandlerMapping      : Rejected bean name 'faviconRequestHandler': no URL paths identified
2018-03-18 17:53:34.051 DEBUG 6744 --- [main] o.s.w.s.h.BeanNameUrlHandlerMapping      : Rejected bean name 'org.springframework.boot.autoconfigure.web.WebMvcAutoConfiguration$WebMvcAutoConfigurationAdapter': no URL paths identified
2018-03-18 17:53:34.051 DEBUG 6744 --- [main] o.s.w.s.h.BeanNameUrlHandlerMapping      : Rejected bean name 'defaultViewResolver': no URL paths identified
2018-03-18 17:53:34.051 DEBUG 6744 --- [main] o.s.w.s.h.BeanNameUrlHandlerMapping      : Rejected bean name 'viewResolver': no URL paths identified
2018-03-18 17:53:34.051 DEBUG 6744 --- [main] o.s.w.s.h.BeanNameUrlHandlerMapping      : Rejected bean name 'welcomePageHandlerMapping': no URL paths identified
2018-03-18 17:53:34.051 DEBUG 6744 --- [main] o.s.w.s.h.BeanNameUrlHandlerMapping      : Rejected bean name 'requestContextFilter': no URL paths identified
2018-03-18 17:53:34.051 DEBUG 6744 --- [main] o.s.w.s.h.BeanNameUrlHandlerMapping      : Rejected bean name 'org.springframework.boot.autoconfigure.web.WebMvcAutoConfiguration': no URL paths identified
2018-03-18 17:53:34.051 DEBUG 6744 --- [main] o.s.w.s.h.BeanNameUrlHandlerMapping      : Rejected bean name 'hiddenHttpMethodFilter': no URL paths identified
2018-03-18 17:53:34.051 DEBUG 6744 --- [main] o.s.w.s.h.BeanNameUrlHandlerMapping      : Rejected bean name 'httpPutFormContentFilter': no URL paths identified
2018-03-18 17:53:34.051 DEBUG 6744 --- [main] o.s.w.s.h.BeanNameUrlHandlerMapping      : Rejected bean name 'org.springframework.boot.autoconfigure.aop.AopAutoConfiguration$JdkDynamicAutoProxyConfiguration': no URL paths identified
2018-03-18 17:53:34.051 DEBUG 6744 --- [main] o.s.w.s.h.BeanNameUrlHandlerMapping      : Rejected bean name 'org.springframework.aop.config.internalAutoProxyCreator': no URL paths identified
2018-03-18 17:53:34.051 DEBUG 6744 --- [main] o.s.w.s.h.BeanNameUrlHandlerMapping      : Rejected bean name 'org.springframework.boot.autoconfigure.aop.AopAutoConfiguration': no URL paths identified
2018-03-18 17:53:34.052 DEBUG 6744 --- [main] o.s.w.s.h.BeanNameUrlHandlerMapping      : Rejected bean name 'org.springframework.boot.autoconfigure.transaction.jta.JtaAutoConfiguration': no URL paths identified
2018-03-18 17:53:34.052 DEBUG 6744 --- [main] o.s.w.s.h.BeanNameUrlHandlerMapping      : Rejected bean name 'spring.jta-org.springframework.boot.autoconfigure.transaction.jta.JtaProperties': no URL paths identified
2018-03-18 17:53:34.052 DEBUG 6744 --- [main] o.s.w.s.h.BeanNameUrlHandlerMapping      : Rejected bean name 'org.springframework.boot.autoconfigure.jdbc.DataSourceConfiguration$Tomcat': no URL paths identified
2018-03-18 17:53:34.053 DEBUG 6744 --- [main] o.s.w.s.h.BeanNameUrlHandlerMapping      : Rejected bean name 'dataSource': no URL paths identified
2018-03-18 17:53:34.053 DEBUG 6744 --- [main] o.s.w.s.h.BeanNameUrlHandlerMapping      : Rejected bean name 'org.springframework.boot.autoconfigure.jdbc.DataSourceAutoConfiguration$PooledDataSourceConfiguration': no URL paths identified
2018-03-18 17:53:34.053 DEBUG 6744 --- [main] o.s.w.s.h.BeanNameUrlHandlerMapping      : Rejected bean name 'org.springframework.boot.autoconfigure.jdbc.metadata.DataSourcePoolMetadataProvidersConfiguration$TomcatDataSourcePoolMetadataProviderConfiguration': no URL paths identified
2018-03-18 17:53:34.053 DEBUG 6744 --- [main] o.s.w.s.h.BeanNameUrlHandlerMapping      : Rejected bean name 'tomcatPoolDataSourceMetadataProvider': no URL paths identified
2018-03-18 17:53:34.053 DEBUG 6744 --- [main] o.s.w.s.h.BeanNameUrlHandlerMapping      : Rejected bean name 'org.springframework.boot.autoconfigure.jdbc.metadata.DataSourcePoolMetadataProvidersConfiguration': no URL paths identified
2018-03-18 17:53:34.053 DEBUG 6744 --- [main] o.s.w.s.h.BeanNameUrlHandlerMapping      : Rejected bean name 'org.springframework.boot.autoconfigure.jdbc.DataSourceAutoConfiguration': no URL paths identified
2018-03-18 17:53:34.053 DEBUG 6744 --- [main] o.s.w.s.h.BeanNameUrlHandlerMapping      : Rejected bean name 'dataSourceInitializer': no URL paths identified
2018-03-18 17:53:34.053 DEBUG 6744 --- [main] o.s.w.s.h.BeanNameUrlHandlerMapping      : Rejected bean name 'spring.datasource-org.springframework.boot.autoconfigure.jdbc.DataSourceProperties': no URL paths identified
2018-03-18 17:53:34.053 DEBUG 6744 --- [main] o.s.w.s.h.BeanNameUrlHandlerMapping      : Rejected bean name 'dataSourceInitializerPostProcessor': no URL paths identified
2018-03-18 17:53:34.053 DEBUG 6744 --- [main] o.s.w.s.h.BeanNameUrlHandlerMapping      : Rejected bean name 'org.springframework.boot.autoconfigure.orm.jpa.JpaBaseConfiguration$JpaWebConfiguration$JpaWebMvcConfiguration': no URL paths identified
2018-03-18 17:53:34.053 DEBUG 6744 --- [main] o.s.w.s.h.BeanNameUrlHandlerMapping      : Rejected bean name 'openEntityManagerInViewInterceptor': no URL paths identified
2018-03-18 17:53:34.054 DEBUG 6744 --- [main] o.s.w.s.h.BeanNameUrlHandlerMapping      : Rejected bean name 'org.springframework.boot.autoconfigure.orm.jpa.JpaBaseConfiguration$JpaWebConfiguration': no URL paths identified
2018-03-18 17:53:34.054 DEBUG 6744 --- [main] o.s.w.s.h.BeanNameUrlHandlerMapping      : Rejected bean name 'org.springframework.boot.autoconfigure.orm.jpa.HibernateJpaAutoConfiguration': no URL paths identified
2018-03-18 17:53:34.054 DEBUG 6744 --- [main] o.s.w.s.h.BeanNameUrlHandlerMapping      : Rejected bean name 'transactionManager': no URL paths identified
2018-03-18 17:53:34.054 DEBUG 6744 --- [main] o.s.w.s.h.BeanNameUrlHandlerMapping      : Rejected bean name 'jpaVendorAdapter': no URL paths identified
2018-03-18 17:53:34.054 DEBUG 6744 --- [main] o.s.w.s.h.BeanNameUrlHandlerMapping      : Rejected bean name 'entityManagerFactoryBuilder': no URL paths identified
2018-03-18 17:53:34.054 DEBUG 6744 --- [main] o.s.w.s.h.BeanNameUrlHandlerMapping      : Rejected bean name 'entityManagerFactory': no URL paths identified
2018-03-18 17:53:34.055 DEBUG 6744 --- [main] o.s.w.s.h.BeanNameUrlHandlerMapping      : Rejected bean name 'spring.jpa-org.springframework.boot.autoconfigure.orm.jpa.JpaProperties': no URL paths identified
2018-03-18 17:53:34.055 DEBUG 6744 --- [main] o.s.w.s.h.BeanNameUrlHandlerMapping      : Rejected bean name 'dataSourceInitializedPublisher': no URL paths identified
2018-03-18 17:53:34.055 DEBUG 6744 --- [main] o.s.w.s.h.BeanNameUrlHandlerMapping      : Rejected bean name 'org.springframework.boot.autoconfigure.context.ConfigurationPropertiesAutoConfiguration': no URL paths identified
2018-03-18 17:53:34.055 DEBUG 6744 --- [main] o.s.w.s.h.BeanNameUrlHandlerMapping      : Rejected bean name 'org.springframework.boot.autoconfigure.dao.PersistenceExceptionTranslationAutoConfiguration': no URL paths identified
2018-03-18 17:53:34.055 DEBUG 6744 --- [main] o.s.w.s.h.BeanNameUrlHandlerMapping      : Rejected bean name 'persistenceExceptionTranslationPostProcessor': no URL paths identified
2018-03-18 17:53:34.056 DEBUG 6744 --- [main] o.s.w.s.h.BeanNameUrlHandlerMapping      : Rejected bean name 'org.springframework.boot.autoconfigure.data.jpa.JpaRepositoriesAutoConfiguration': no URL paths identified
2018-03-18 17:53:34.056 DEBUG 6744 --- [main] o.s.w.s.h.BeanNameUrlHandlerMapping      : Rejected bean name 'emBeanDefinitionRegistrarPostProcessor': no URL paths identified
2018-03-18 17:53:34.056 DEBUG 6744 --- [main] o.s.w.s.h.BeanNameUrlHandlerMapping      : Rejected bean name 'jpaMappingContext': no URL paths identified
2018-03-18 17:53:34.056 DEBUG 6744 --- [main] o.s.w.s.h.BeanNameUrlHandlerMapping      : Rejected bean name 'jpaContext': no URL paths identified
2018-03-18 17:53:34.056 DEBUG 6744 --- [main] o.s.w.s.h.BeanNameUrlHandlerMapping      : Rejected bean name 'org.springframework.boot.autoconfigure.web.HttpMessageConvertersAutoConfiguration$StringHttpMessageConverterConfiguration': no URL paths identified
2018-03-18 17:53:34.056 DEBUG 6744 --- [main] o.s.w.s.h.BeanNameUrlHandlerMapping      : Rejected bean name 'stringHttpMessageConverter': no URL paths identified
2018-03-18 17:53:34.056 DEBUG 6744 --- [main] o.s.w.s.h.BeanNameUrlHandlerMapping      : Rejected bean name 'spring.http.encoding-org.springframework.boot.autoconfigure.web.HttpEncodingProperties': no URL paths identified
2018-03-18 17:53:34.056 DEBUG 6744 --- [main] o.s.w.s.h.BeanNameUrlHandlerMapping      : Rejected bean name 'org.springframework.boot.autoconfigure.web.JacksonHttpMessageConvertersConfiguration$MappingJackson2HttpMessageConverterConfiguration': no URL paths identified
2018-03-18 17:53:34.056 DEBUG 6744 --- [main] o.s.w.s.h.BeanNameUrlHandlerMapping      : Rejected bean name 'mappingJackson2HttpMessageConverter': no URL paths identified
2018-03-18 17:53:34.056 DEBUG 6744 --- [main] o.s.w.s.h.BeanNameUrlHandlerMapping      : Rejected bean name 'org.springframework.boot.autoconfigure.web.JacksonHttpMessageConvertersConfiguration': no URL paths identified
2018-03-18 17:53:34.056 DEBUG 6744 --- [main] o.s.w.s.h.BeanNameUrlHandlerMapping      : Rejected bean name 'org.springframework.boot.autoconfigure.web.HttpMessageConvertersAutoConfiguration': no URL paths identified
2018-03-18 17:53:34.056 DEBUG 6744 --- [main] o.s.w.s.h.BeanNameUrlHandlerMapping      : Rejected bean name 'messageConverters': no URL paths identified
2018-03-18 17:53:34.056 DEBUG 6744 --- [main] o.s.w.s.h.BeanNameUrlHandlerMapping      : Rejected bean name 'org.springframework.data.web.config.ProjectingArgumentResolverRegistrar': no URL paths identified
2018-03-18 17:53:34.056 DEBUG 6744 --- [main] o.s.w.s.h.BeanNameUrlHandlerMapping      : Rejected bean name 'projectingArgumentResolverBeanPostProcessor': no URL paths identified
2018-03-18 17:53:34.057 DEBUG 6744 --- [main] o.s.w.s.h.BeanNameUrlHandlerMapping      : Rejected bean name 'org.springframework.data.web.config.SpringDataWebConfiguration': no URL paths identified
2018-03-18 17:53:34.057 DEBUG 6744 --- [main] o.s.w.s.h.BeanNameUrlHandlerMapping      : Rejected bean name 'pageableResolver': no URL paths identified
2018-03-18 17:53:34.057 DEBUG 6744 --- [main] o.s.w.s.h.BeanNameUrlHandlerMapping      : Rejected bean name 'sortResolver': no URL paths identified
2018-03-18 17:53:34.057 DEBUG 6744 --- [main] o.s.w.s.h.BeanNameUrlHandlerMapping      : Rejected bean name 'org.springframework.data.web.config.SpringDataJacksonConfiguration': no URL paths identified
2018-03-18 17:53:34.057 DEBUG 6744 --- [main] o.s.w.s.h.BeanNameUrlHandlerMapping      : Rejected bean name 'jacksonGeoModule': no URL paths identified
2018-03-18 17:53:34.057 DEBUG 6744 --- [main] o.s.w.s.h.BeanNameUrlHandlerMapping      : Rejected bean name 'org.springframework.boot.autoconfigure.data.web.SpringDataWebAutoConfiguration': no URL paths identified
2018-03-18 17:53:34.057 DEBUG 6744 --- [main] o.s.w.s.h.BeanNameUrlHandlerMapping      : Rejected bean name 'org.springframework.boot.autoconfigure.info.ProjectInfoAutoConfiguration': no URL paths identified
2018-03-18 17:53:34.057 DEBUG 6744 --- [main] o.s.w.s.h.BeanNameUrlHandlerMapping      : Rejected bean name 'spring.info-org.springframework.boot.autoconfigure.info.ProjectInfoProperties': no URL paths identified
2018-03-18 17:53:34.057 DEBUG 6744 --- [main] o.s.w.s.h.BeanNameUrlHandlerMapping      : Rejected bean name 'org.springframework.boot.autoconfigure.jdbc.DataSourceTransactionManagerAutoConfiguration$DataSourceTransactionManagerConfiguration': no URL paths identified
2018-03-18 17:53:34.057 DEBUG 6744 --- [main] o.s.w.s.h.BeanNameUrlHandlerMapping      : Rejected bean name 'org.springframework.boot.autoconfigure.jdbc.DataSourceTransactionManagerAutoConfiguration': no URL paths identified
2018-03-18 17:53:34.058 DEBUG 6744 --- [main] o.s.w.s.h.BeanNameUrlHandlerMapping      : Rejected bean name 'org.springframework.boot.autoconfigure.jdbc.JdbcTemplateAutoConfiguration': no URL paths identified
2018-03-18 17:53:34.058 DEBUG 6744 --- [main] o.s.w.s.h.BeanNameUrlHandlerMapping      : Rejected bean name 'jdbcTemplate': no URL paths identified
2018-03-18 17:53:34.058 DEBUG 6744 --- [main] o.s.w.s.h.BeanNameUrlHandlerMapping      : Rejected bean name 'namedParameterJdbcTemplate': no URL paths identified
2018-03-18 17:53:34.058 DEBUG 6744 --- [main] o.s.w.s.h.BeanNameUrlHandlerMapping      : Rejected bean name 'org.springframework.transaction.annotation.ProxyTransactionManagementConfiguration': no URL paths identified
2018-03-18 17:53:34.058 DEBUG 6744 --- [main] o.s.w.s.h.BeanNameUrlHandlerMapping      : Rejected bean name 'org.springframework.transaction.config.internalTransactionAdvisor': no URL paths identified
2018-03-18 17:53:34.058 DEBUG 6744 --- [main] o.s.w.s.h.BeanNameUrlHandlerMapping      : Rejected bean name 'transactionAttributeSource': no URL paths identified
2018-03-18 17:53:34.058 DEBUG 6744 --- [main] o.s.w.s.h.BeanNameUrlHandlerMapping      : Rejected bean name 'transactionInterceptor': no URL paths identified
2018-03-18 17:53:34.058 DEBUG 6744 --- [main] o.s.w.s.h.BeanNameUrlHandlerMapping      : Rejected bean name 'org.springframework.transaction.config.internalTransactionalEventListenerFactory': no URL paths identified
2018-03-18 17:53:34.058 DEBUG 6744 --- [main] o.s.w.s.h.BeanNameUrlHandlerMapping      : Rejected bean name 'org.springframework.boot.autoconfigure.transaction.TransactionAutoConfiguration$EnableTransactionManagementConfiguration$CglibAutoProxyConfiguration': no URL paths identified
2018-03-18 17:53:34.058 DEBUG 6744 --- [main] o.s.w.s.h.BeanNameUrlHandlerMapping      : Rejected bean name 'org.springframework.boot.autoconfigure.transaction.TransactionAutoConfiguration$EnableTransactionManagementConfiguration': no URL paths identified
2018-03-18 17:53:34.058 DEBUG 6744 --- [main] o.s.w.s.h.BeanNameUrlHandlerMapping      : Rejected bean name 'org.springframework.boot.autoconfigure.transaction.TransactionAutoConfiguration$TransactionTemplateConfiguration': no URL paths identified
2018-03-18 17:53:34.058 DEBUG 6744 --- [main] o.s.w.s.h.BeanNameUrlHandlerMapping      : Rejected bean name 'transactionTemplate': no URL paths identified
2018-03-18 17:53:34.058 DEBUG 6744 --- [main] o.s.w.s.h.BeanNameUrlHandlerMapping      : Rejected bean name 'org.springframework.boot.autoconfigure.transaction.TransactionAutoConfiguration': no URL paths identified
2018-03-18 17:53:34.059 DEBUG 6744 --- [main] o.s.w.s.h.BeanNameUrlHandlerMapping      : Rejected bean name 'platformTransactionManagerCustomizers': no URL paths identified
2018-03-18 17:53:34.059 DEBUG 6744 --- [main] o.s.w.s.h.BeanNameUrlHandlerMapping      : Rejected bean name 'spring.transaction-org.springframework.boot.autoconfigure.transaction.TransactionProperties': no URL paths identified
2018-03-18 17:53:34.059 DEBUG 6744 --- [main] o.s.w.s.h.BeanNameUrlHandlerMapping      : Rejected bean name 'org.springframework.boot.autoconfigure.web.HttpEncodingAutoConfiguration': no URL paths identified
2018-03-18 17:53:34.059 DEBUG 6744 --- [main] o.s.w.s.h.BeanNameUrlHandlerMapping      : Rejected bean name 'characterEncodingFilter': no URL paths identified
2018-03-18 17:53:34.059 DEBUG 6744 --- [main] o.s.w.s.h.BeanNameUrlHandlerMapping      : Rejected bean name 'localeCharsetMappingsCustomizer': no URL paths identified
2018-03-18 17:53:34.059 DEBUG 6744 --- [main] o.s.w.s.h.BeanNameUrlHandlerMapping      : Rejected bean name 'org.springframework.boot.autoconfigure.web.MultipartAutoConfiguration': no URL paths identified
2018-03-18 17:53:34.059 DEBUG 6744 --- [main] o.s.w.s.h.BeanNameUrlHandlerMapping      : Rejected bean name 'multipartConfigElement': no URL paths identified
2018-03-18 17:53:34.059 DEBUG 6744 --- [main] o.s.w.s.h.BeanNameUrlHandlerMapping      : Rejected bean name 'multipartResolver': no URL paths identified
2018-03-18 17:53:34.059 DEBUG 6744 --- [main] o.s.w.s.h.BeanNameUrlHandlerMapping      : Rejected bean name 'spring.http.multipart-org.springframework.boot.autoconfigure.web.MultipartProperties': no URL paths identified
2018-03-18 17:53:34.059 DEBUG 6744 --- [main] o.s.w.s.h.BeanNameUrlHandlerMapping      : Rejected bean name 'org.springframework.boot.autoconfigure.web.ServerPropertiesAutoConfiguration': no URL paths identified
2018-03-18 17:53:34.059 DEBUG 6744 --- [main] o.s.w.s.h.BeanNameUrlHandlerMapping      : Rejected bean name 'serverProperties': no URL paths identified
2018-03-18 17:53:34.059 DEBUG 6744 --- [main] o.s.w.s.h.BeanNameUrlHandlerMapping      : Rejected bean name 'duplicateServerPropertiesDetector': no URL paths identified
2018-03-18 17:53:34.059 DEBUG 6744 --- [main] o.s.w.s.h.BeanNameUrlHandlerMapping      : Rejected bean name 'org.springframework.boot.autoconfigure.web.WebClientAutoConfiguration$RestTemplateConfiguration': no URL paths identified
2018-03-18 17:53:34.059 DEBUG 6744 --- [main] o.s.w.s.h.BeanNameUrlHandlerMapping      : Rejected bean name 'restTemplateBuilder': no URL paths identified
2018-03-18 17:53:34.060 DEBUG 6744 --- [main] o.s.w.s.h.BeanNameUrlHandlerMapping      : Rejected bean name 'org.springframework.boot.autoconfigure.web.WebClientAutoConfiguration': no URL paths identified
2018-03-18 17:53:34.060 DEBUG 6744 --- [main] o.s.w.s.h.BeanNameUrlHandlerMapping      : Rejected bean name 'org.springframework.boot.devtools.autoconfigure.DevToolsDataSourceAutoConfiguration$DatabaseShutdownExecutorJpaDependencyConfiguration': no URL paths identified
2018-03-18 17:53:34.060 DEBUG 6744 --- [main] o.s.w.s.h.BeanNameUrlHandlerMapping      : Rejected bean name 'org.springframework.boot.devtools.autoconfigure.DevToolsDataSourceAutoConfiguration': no URL paths identified
2018-03-18 17:53:34.060 DEBUG 6744 --- [main] o.s.w.s.h.BeanNameUrlHandlerMapping      : Rejected bean name 'inMemoryDatabaseShutdownExecutor': no URL paths identified
2018-03-18 17:53:34.060 DEBUG 6744 --- [main] o.s.w.s.h.BeanNameUrlHandlerMapping      : Rejected bean name 'org.springframework.orm.jpa.SharedEntityManagerCreator#0': no URL paths identified
2018-03-18 17:53:34.060 DEBUG 6744 --- [main] o.s.w.s.h.BeanNameUrlHandlerMapping      : Rejected bean name 'autoConfigurationReport': no URL paths identified
2018-03-18 17:53:34.060 DEBUG 6744 --- [main] o.s.w.s.h.BeanNameUrlHandlerMapping      : Rejected bean name 'org.springframework.boot.test.context.filter.TestTypeExcludeFilter': no URL paths identified
2018-03-18 17:53:34.060 DEBUG 6744 --- [main] o.s.w.s.h.BeanNameUrlHandlerMapping      : Rejected bean name 'org.springframework.boot.test.autoconfigure.properties.PropertyMappingContextCustomizer$PropertyMappingCheckBeanPostProcessor': no URL paths identified
2018-03-18 17:53:34.060 DEBUG 6744 --- [main] o.s.w.s.h.BeanNameUrlHandlerMapping      : Rejected bean name 'springApplicationArguments': no URL paths identified
2018-03-18 17:53:34.060 DEBUG 6744 --- [main] o.s.w.s.h.BeanNameUrlHandlerMapping      : Rejected bean name 'springBootBanner': no URL paths identified
2018-03-18 17:53:34.060 DEBUG 6744 --- [main] o.s.w.s.h.BeanNameUrlHandlerMapping      : Rejected bean name 'springBootLoggingSystem': no URL paths identified
2018-03-18 17:53:34.060 DEBUG 6744 --- [main] o.s.w.s.h.BeanNameUrlHandlerMapping      : Rejected bean name 'environment': no URL paths identified
2018-03-18 17:53:34.060 DEBUG 6744 --- [main] o.s.w.s.h.BeanNameUrlHandlerMapping      : Rejected bean name 'systemProperties': no URL paths identified
2018-03-18 17:53:34.061 DEBUG 6744 --- [main] o.s.w.s.h.BeanNameUrlHandlerMapping      : Rejected bean name 'systemEnvironment': no URL paths identified
2018-03-18 17:53:34.061 DEBUG 6744 --- [main] o.s.w.s.h.BeanNameUrlHandlerMapping      : Rejected bean name 'servletContext': no URL paths identified
2018-03-18 17:53:34.061 DEBUG 6744 --- [main] o.s.w.s.h.BeanNameUrlHandlerMapping      : Rejected bean name 'contextParameters': no URL paths identified
2018-03-18 17:53:34.061 DEBUG 6744 --- [main] o.s.w.s.h.BeanNameUrlHandlerMapping      : Rejected bean name 'contextAttributes': no URL paths identified
2018-03-18 17:53:34.061 DEBUG 6744 --- [main] o.s.w.s.h.BeanNameUrlHandlerMapping      : Rejected bean name 'org.springframework.context.annotation.ConfigurationClassPostProcessor.importRegistry': no URL paths identified
2018-03-18 17:53:34.061 DEBUG 6744 --- [main] o.s.w.s.h.BeanNameUrlHandlerMapping      : Rejected bean name 'org.springframework.boot.test.mock.mockito.MockitoBeans': no URL paths identified
2018-03-18 17:53:34.061 DEBUG 6744 --- [main] o.s.w.s.h.BeanNameUrlHandlerMapping      : Rejected bean name 'messageSource': no URL paths identified
2018-03-18 17:53:34.061 DEBUG 6744 --- [main] o.s.w.s.h.BeanNameUrlHandlerMapping      : Rejected bean name 'applicationEventMulticaster': no URL paths identified
2018-03-18 17:53:34.074  INFO 6744 --- [main] o.s.w.s.handler.SimpleUrlHandlerMapping  : Mapped URL path [/webjars/**] onto handler of type [class org.springframework.web.servlet.resource.ResourceHttpRequestHandler]
2018-03-18 17:53:34.075  INFO 6744 --- [main] o.s.w.s.handler.SimpleUrlHandlerMapping  : Mapped URL path [/resources/**] onto handler of type [class org.springframework.web.servlet.resource.ResourceHttpRequestHandler]
2018-03-18 17:53:34.088 DEBUG 6744 --- [main] .m.m.a.ExceptionHandlerExceptionResolver : Looking for exception mappings: org.springframework.web.context.support.GenericWebApplicationContext@52af26ee: startup date [Sun Mar 18 17:53:30 ICT 2018]; root of context hierarchy
2018-03-18 17:53:34.118  INFO 6744 --- [main] o.s.w.s.handler.SimpleUrlHandlerMapping  : Mapped URL path [/**/favicon.ico] onto handler of type [class org.springframework.web.servlet.resource.ResourceHttpRequestHandler]
2018-03-18 17:53:34.405 DEBUG 6744 --- [main] o.s.w.c.s.GenericWebApplicationContext   : Unable to locate LifecycleProcessor with name 'lifecycleProcessor': using default [org.springframework.context.support.DefaultLifecycleProcessor@39832280]
2018-03-18 17:53:34.413 DEBUG 6744 --- [main] o.s.w.s.resource.ResourceUrlProvider     : Looking for resource handler mappings
2018-03-18 17:53:34.414 DEBUG 6744 --- [main] o.s.w.s.resource.ResourceUrlProvider     : Found resource handler mapping: URL pattern="/**/favicon.ico", locations=[ServletContext resource [/], class path resource [META-INF/resources/], class path resource [resources/], class path resource [static/], class path resource [public/], class path resource []], resolvers=[org.springframework.web.servlet.resource.PathResourceResolver@448c92fc]
2018-03-18 17:53:34.414 DEBUG 6744 --- [main] o.s.w.s.resource.ResourceUrlProvider     : Found resource handler mapping: URL pattern="/webjars/**", locations=[class path resource [META-INF/resources/webjars/]], resolvers=[org.springframework.web.servlet.resource.PathResourceResolver@251c8145]
2018-03-18 17:53:34.414 DEBUG 6744 --- [main] o.s.w.s.resource.ResourceUrlProvider     : Found resource handler mapping: URL pattern="/resources/**", locations=[ServletContext resource [/], class path resource [META-INF/resources/], class path resource [resources/], class path resource [static/], class path resource [public/]], resolvers=[org.springframework.web.servlet.resource.PathResourceResolver@17c0274c]
2018-03-18 17:53:34.420  INFO 6744 --- [main] .c.m.s.SpringbootDemoOneApplicationTests : Started SpringbootDemoOneApplicationTests in 4.299 seconds (JVM running for 4.946)
2018-03-18 17:53:34.483  INFO 6744 --- [Thread-4] o.s.w.c.s.GenericWebApplicationContext   : Closing org.springframework.web.context.support.GenericWebApplicationContext@52af26ee: startup date [Sun Mar 18 17:53:30 ICT 2018]; root of context hierarchy
2018-03-18 17:53:34.487  INFO 6744 --- [Thread-4] j.LocalContainerEntityManagerFactoryBean : Closing JPA EntityManagerFactory for persistence unit 'default'
